TN:
SF:src\modules\product\services\CreateProductService.ts
FN:9,(anonymous_16)
FN:10,CreateProductService
FN:15,(anonymous_18)
FNF:3
FNH:3
FNDA:1,(anonymous_16)
FNDA:1,CreateProductService
FNDA:1,(anonymous_18)
DA:1,1
DA:2,1
DA:9,1
DA:12,1
DA:15,1
DA:16,1
DA:17,1
DA:18,1
DA:19,1
DA:21,1
DA:28,1
DA:30,1
DA:32,1
LF:13
LH:13
BRDA:21,0,0,1
BRF:1
BRH:1
end_of_record
TN:
SF:src\modules\user\services\CreateUserService.ts
FN:10,(anonymous_17)
FN:11,CreateUserService
FN:16,(anonymous_19)
FNF:3
FNH:3
FNDA:1,(anonymous_17)
FNDA:2,CreateUserService
FNDA:3,(anonymous_19)
DA:1,1
DA:2,1
DA:4,1
DA:10,1
DA:13,2
DA:16,1
DA:17,3
DA:18,3
DA:19,3
DA:20,3
DA:21,3
DA:22,3
DA:24,3
DA:26,3
DA:28,2
DA:37,2
DA:39,1
DA:40,1
LF:18
LH:18
BRDA:24,0,0,3
BRDA:26,1,0,1
BRDA:26,1,1,2
BRF:3
BRH:3
end_of_record
TN:
SF:src\modules\user\services\ShowUserByIdService.ts
FN:9,(anonymous_17)
FN:10,ShowUserByIdService
FN:15,(anonymous_19)
FNF:3
FNH:3
FNDA:1,(anonymous_17)
FNDA:2,ShowUserByIdService
FNDA:2,(anonymous_19)
DA:1,1
DA:2,1
DA:3,1
DA:9,1
DA:12,2
DA:15,1
DA:16,2
DA:18,2
DA:20,1
DA:22,1
DA:24,1
LF:11
LH:11
BRDA:16,0,0,2
BRDA:18,1,0,1
BRDA:18,1,1,1
BRF:3
BRH:3
end_of_record
TN:
SF:src\modules\user\services\UpdateUserService.ts
FN:10,(anonymous_17)
FN:11,UpdateUserService
FN:16,(anonymous_19)
FNF:3
FNH:3
FNDA:1,(anonymous_17)
FNDA:3,UpdateUserService
FNDA:3,(anonymous_19)
DA:1,1
DA:2,1
DA:3,1
DA:10,1
DA:13,3
DA:16,1
DA:17,3
DA:19,3
DA:21,3
DA:23,2
DA:25,2
DA:26,1
DA:28,1
DA:30,1
DA:32,1
DA:34,1
LF:16
LH:16
BRDA:21,0,0,1
BRDA:21,0,1,2
BRDA:25,1,0,1
BRDA:25,1,1,1
BRDA:25,2,0,2
BRDA:25,2,1,1
BRF:6
BRH:6
end_of_record
